2015-02-01T07:11:21 Checking update-file '/usr/share/apps/kconf_update/kwallet-4.13.upd' for new updates
2015-02-01T07:11:21 kwallet-4.13.upd: Found new update 'kde4.13'
2015-02-01T07:11:21 kwallet-4.13.upd: File 'kwalletrc' does not exist or empty, skipping
2015-02-01T07:11:21 Checking update-file '/usr/share/apps/kconf_update/kopete-update_icq_server.upd' for new updates
2015-02-01T07:11:21 kopete-update_icq_server.upd: Found new update 'kopete-update-icq-server/r1'
2015-02-01T07:11:21 kopete-update_icq_server.upd: Running script 'kopete-update_icq_server.pl'
2015-02-01T07:11:21 Checking update-file '/usr/share/apps/kconf_update/konversation.upd' for new updates
2015-02-01T07:11:21 konversation.upd: Found new update '1.1-rememberline'
2015-02-01T07:11:21 konversation.upd: File 'konversationrc' does not exist or empty, skipping
2015-02-01T07:11:21 konversation.upd: Found new update '1.1-markerlines'
2015-02-01T07:11:21 konversation.upd: File 'konversationrc' does not exist or empty, skipping
2015-02-01T07:11:21 konversation.upd: Found new update '0.20-customfonts'
2015-02-01T07:11:21 konversation.upd: File 'konversationrc' does not exist or empty, skipping
2015-02-01T07:11:21 konversation.upd: Found new update '0.20-quickbuttons'
2015-02-01T07:11:21 konversation.upd: File 'konversationrc' does not exist or empty, skipping
2015-02-01T07:11:21 konversation.upd: Found new update '0.19-notifylists'
2015-02-01T07:11:21 konversation.upd: File 'konversationrc' does not exist or empty, skipping
2015-02-01T07:11:21 konversation.upd: Found new update '0.19-appearance'
2015-02-01T07:11:21 konversation.upd: File 'konversationrc' does not exist or empty, skipping
2015-02-01T07:11:21 konversation.upd: Found new update '0.19-browser'
2015-02-01T07:11:21 konversation.upd: File 'konversationrc' does not exist or empty, skipping
2015-02-01T07:11:21 konversation.upd: Found new update '0.19-flags'
2015-02-01T07:11:21 konversation.upd: File 'konversationrc' does not exist or empty, skipping
2015-02-01T07:11:21 konversation.upd: Found new update '0.19-highlightcolors'
2015-02-01T07:11:21 konversation.upd: File 'konversationrc' does not exist or empty, skipping
2015-02-01T07:11:21 konversation.upd: Found new update '0.19-osdcolors'
2015-02-01T07:11:21 konversation.upd: File 'konversationrc' does not exist or empty, skipping
2015-02-01T07:11:21 konversation.upd: Found new update '0.19-sortorder'
2015-02-01T07:11:21 konversation.upd: File 'konversationrc' does not exist or empty, skipping
2015-02-01T07:11:21 konversation.upd: Found new update '0.19-colors'
2015-02-01T07:11:21 konversation.upd: File 'konversationrc' does not exist or empty, skipping
2015-02-01T07:11:21 konversation.upd: Found new update '0.19-generaloptions'
2015-02-01T07:11:21 konversation.upd: File 'konversationrc' does not exist or empty, skipping
2015-02-01T07:11:21 konversation.upd: Found new update '0.19-cleanup-themes'
2015-02-01T07:11:21 konversation.upd: File 'konversationrc' does not exist or empty, skipping
2015-02-01T07:11:21 konversation.upd: Found new update '0.19-cleanup-notifylist'
2015-02-01T07:11:21 konversation.upd: File 'konversationrc' does not exist or empty, skipping
2015-02-01T07:11:21 konversation.upd: Found new update '0.19-cleanup-dcc'
2015-02-01T07:11:21 konversation.upd: File 'konversationrc' does not exist or empty, skipping
2015-02-01T07:11:21 konversation.upd: Found new update '0.19-cleanup-colors'
2015-02-01T07:11:21 konversation.upd: File 'konversationrc' does not exist or empty, skipping
2015-02-01T07:11:21 konversation.upd: Found new update '0.19-cleanup-hilightlist'
2015-02-01T07:11:21 konversation.upd: File 'konversationrc' does not exist or empty, skipping
2015-02-01T07:11:21 konversation.upd: Found new update '0.19-cleanup-notificationmessages'
2015-02-01T07:11:21 konversation.upd: File 'konversationrc' does not exist or empty, skipping
2015-02-01T07:11:21 konversation.upd: Found new update '0.19-cleanup-ledcolors'
2015-02-01T07:11:21 konversation.upd: File 'konversationrc' does not exist or empty, skipping
2015-02-01T07:11:21 konversation.upd: Found new update '0.19-cleanup-kmditaskbar'
2015-02-01T07:11:21 konversation.upd: File 'konversationrc' does not exist or empty, skipping
2015-02-01T07:11:21 konversation.upd: Found new update '0.19-channelsplitter'
2015-02-01T07:11:21 konversation.upd: File 'konversationrc' does not exist or empty, skipping
2015-02-01T07:11:21 Checking update-file '/usr/share/apps/kconf_update/kopete-update_icq_ssl.upd' for new updates
2015-02-01T07:11:21 kopete-update_icq_ssl.upd: Found new update 'kopete-update-icq-ssl/r1'
2015-02-01T07:11:21 kopete-update_icq_ssl.upd: Running script 'kopete-update_icq_ssl.pl'
2015-02-01T07:11:21 Checking update-file '/usr/share/apps/kconf_update/kio_help.upd' for new updates
2015-02-01T07:11:21 kio_help.upd: Found new update 'kde3_2'
2015-02-01T07:11:21 kio_help.upd: Running script 'move_kio_help_cache.sh'
2015-02-01T07:11:21 [Script] mv: cannot stat '/home/arch/.kde4/share/apps/kio_help/cache': No such file or directory
2015-02-01T07:11:21 [Script] rmdir: failed to remove '/home/arch/.kde4/share/apps/kio_help': No such file or directory
2015-02-01T07:11:21 Checking update-file '/usr/share/apps/kconf_update/kcookiescfg.upd' for new updates
2015-02-01T07:11:21 kcookiescfg.upd: Found new update 'kde2.2/b1'
2015-02-01T07:11:21 kcookiescfg.upd: File 'kcookiejarrc' does not exist or empty, skipping
2015-02-01T07:11:21 kcookiescfg.upd: Found new update 'kde3.1/cvs'
2015-02-01T07:11:21 kcookiescfg.upd: File 'kcookiejarrc' does not exist or empty, skipping
2015-02-01T07:11:21 kcookiescfg.upd: Found new update 'kde4.10/git'
2015-02-01T07:11:21 kcookiescfg.upd: File 'kcookiejarrc' does not exist or empty, skipping
2015-02-01T07:11:21 Checking update-file '/usr/share/apps/kconf_update/kopete-jabberproxytype-kconf_update.upd' for new updates
2015-02-01T07:11:21 kopete-jabberproxytype-kconf_update.upd: Found new update 'kopete0.9/r1'
2015-02-01T07:11:21 kopete-jabberproxytype-kconf_update.upd: Running script 'kopete-jabberproxytype-kconf_update.sh'
2015-02-01T07:11:21 Checking update-file '/usr/share/apps/kconf_update/kopete-jabberpriorityaddition-kconf_update.upd' for new updates
2015-02-01T07:11:21 kopete-jabberpriorityaddition-kconf_update.upd: Found new update 'kopete0.9/r1'
2015-02-01T07:11:21 kopete-jabberpriorityaddition-kconf_update.upd: Running script 'kopete-jabberpriorityaddition-kconf_update.sh'
2015-02-01T07:11:21 Checking update-file '/usr/share/apps/kconf_update/kopete-initialstatus.upd' for new updates
2015-02-01T07:11:21 kopete-initialstatus.upd: Found new update 'kopete0.60.80/r1'
2015-02-01T07:11:21 kopete-initialstatus.upd: Running script 'kopete-initialstatus.pl'
2015-02-01T07:11:21 kopete-initialstatus.upd: Script removes kopeterc:Behavior:autoConnect
2015-02-01T07:11:21 Checking update-file '/usr/share/apps/kconf_update/kopete-update_yahoo_server.upd' for new updates
2015-02-01T07:11:21 kopete-update_yahoo_server.upd: Found new update 'kopete-update-yahoo-server/r1'
2015-02-01T07:11:21 kopete-update_yahoo_server.upd: Running script 'kopete-update_yahoo_server.pl'
2015-02-01T07:11:21 Checking update-file '/usr/share/apps/kconf_update/okular.upd' for new updates
2015-02-01T07:11:21 okular.upd: Found new update 'sep_settings'
2015-02-01T07:11:21 okular.upd: File 'okularpartrc' does not exist or empty, skipping
2015-02-01T07:11:21 Checking update-file '/usr/share/apps/kconf_update/kopete-pluginloader.upd' for new updates
2015-02-01T07:11:21 kopete-pluginloader.upd: Found new update 'kopete0.7/r1'
2015-02-01T07:11:21 kopete-pluginloader.upd: Running script 'kopete-pluginloader.pl'
2015-02-01T07:11:21 kopete-pluginloader.upd: Script removes kopeterc::Modules
2015-02-01T07:11:21 Checking update-file '/usr/share/apps/kconf_update/ksslcertificatemanager.upd' for new updates
2015-02-01T07:11:21 ksslcertificatemanager.upd: Found new update 'kde4.2'
2015-02-01T07:11:21 ksslcertificatemanager.upd: Running script 'ksslcertificatemanager.upd.sh'
2015-02-01T07:11:21 [Script] rm: cannot remove '/home/arch/.kde4//share/config/ksslcertificatemanager': No such file or directory
2015-02-01T07:11:21 ksslcertificatemanager.upd: !! An error occurred while running 'sh /usr/share/apps/kconf_update/ksslcertificatemanager.upd.sh'
2015-02-01T07:11:21 Checking update-file '/usr/share/apps/kconf_update/kopete-gaim_to_pidgin_style.upd' for new updates
2015-02-01T07:11:21 kopete-gaim_to_pidgin_style.upd: Found new update 'kopete0.70.85/r1'
2015-02-01T07:11:21 kopete-gaim_to_pidgin_style.upd: Running script 'kopete-gaim_to_pidgin_style.pl'
2015-02-01T07:11:21 Checking update-file '/usr/share/apps/kconf_update/kioslave.upd' for new updates
2015-02-01T07:11:21 kioslave.upd: Found new update 'kde2.2/r1'
2015-02-01T07:11:21 kioslave.upd: File 'kioslaverc' does not exist or empty, skipping
2015-02-01T07:11:21 kioslave.upd: Skipping update 'kde2.2/r1'
2015-02-01T07:11:21 kioslave.upd: File 'kioslaverc' does not exist or empty, skipping
2015-02-01T07:11:21 kioslave.upd: Found new update 'kde2.2/r2'
2015-02-01T07:11:21 kioslave.upd: File 'kioslaverc' does not exist or empty, skipping
2015-02-01T07:11:21 kioslave.upd: Found new update 'kde2.2/r3'
2015-02-01T07:11:21 kioslave.upd: File 'kioslaverc' does not exist or empty, skipping
2015-02-01T07:11:21 Checking update-file '/usr/share/apps/kconf_update/kuriikwsfilter.upd' for new updates
2015-02-01T07:11:21 kuriikwsfilter.upd: Found new update 'post-kde3.1/cvs'
2015-02-01T07:11:21 kuriikwsfilter.upd: File 'kuriikwsfilterrc' does not exist or empty, skipping
2015-02-01T07:11:21 kuriikwsfilter.upd: Found new update 'pre-kde4.9'
2015-02-01T07:11:21 kuriikwsfilter.upd: File 'kuriikwsfilterrc' does not exist or empty, skipping
2015-02-01T07:11:21 Checking update-file '/usr/share/apps/kconf_update/kded.upd' for new updates
2015-02-01T07:11:21 kded.upd: Found new update 'kde3.0'
2015-02-01T07:11:21 kded.upd: File 'kdedrc' does not exist or empty, skipping
2015-02-01T07:11:21 Checking update-file '/usr/share/apps/kconf_update/devicepreference.upd' for new updates
2015-02-01T07:11:21 devicepreference.upd: Found new update 'DevicesMovedToPlatformPlugin'
2015-02-01T07:11:21 devicepreference.upd: Running script 'phonon_devicepreference_update'
2015-02-01T07:11:21 devicepreference.upd: Found new update 'DevicesUIDsChanged'
2015-02-01T07:11:21 devicepreference.upd: Running script 'phonon_deviceuids_update'
2015-02-01T07:11:21 Checking update-file '/usr/share/apps/kconf_update/drkonqi-rename-config-section.upd' for new updates
2015-02-01T07:11:21 drkonqi-rename-config-section.upd: Found new update 'kde-4.11'
2015-02-01T07:11:21 drkonqi-rename-config-section.upd: File 'drkonqirc' does not exist or empty, skipping
2015-02-01T07:11:21 Checking update-file '/usr/share/apps/kconf_update/kopete-nameTracking.upd' for new updates
2015-02-01T07:11:21 kopete-nameTracking.upd: Found new update 'kopete0.9/r1'
2015-02-01T07:11:21 kopete-nameTracking.upd:3:'Script=kopete-nameTracking-kconf_update': Script 'kopete-nameTracking-kconf_update' not found
2015-02-01T07:11:21 Checking update-file '/usr/share/apps/kconf_update/kopete-pluginloader2.upd' for new updates
2015-02-01T07:11:21 kopete-pluginloader2.upd: Found new update 'kopete0.8/r1'
2015-02-01T07:11:21 kopete-pluginloader2.upd: Running script 'kopete-pluginloader2.sh'
2015-02-01T07:11:21 [Script] /usr/share/apps/kconf_update/kopete-pluginloader2.sh: line 5: kde-config: command not found
2015-02-01T07:11:21 Checking update-file '/usr/share/apps/kconf_update/mailtransports.upd' for new updates
2015-02-01T07:11:21 mailtransports.upd: Found new update 'initial-kmail-migration'
2015-02-01T07:11:21 mailtransports.upd: File 'kmailrc' does not exist or empty, skipping
2015-02-01T07:11:21 mailtransports.upd: Found new update 'initial-knode-migration'
2015-02-01T07:11:21 mailtransports.upd: File 'knoderc' does not exist or empty, skipping
2015-02-01T07:11:21 Checking update-file '/usr/share/apps/kconf_update/kopete-account-kconf_update.upd' for new updates
2015-02-01T07:11:21 kopete-account-kconf_update.upd: Found new update 'kopete0.7/r1'
2015-02-01T07:11:21 kopete-account-kconf_update.upd: Running script 'kopete-account-kconf_update.sh'
2015-02-01T07:11:21 [Script] /usr/share/apps/kconf_update/kopete-account-kconf_update.sh: line 5: kde-config: command not found
2015-02-01T07:11:21 kopete-account-kconf_update.upd: Found new update 'kopete0.10/r1'
2015-02-01T07:11:21 kopete-account-kconf_update.upd: Running script 'kopete-account-0.10.pl'
2015-02-01T17:25:09 Checking update-file '/usr/share/apps/kconf_update/kuriikwsfilter.upd' for new updates
2015-02-01T17:25:09 Checking update-file '/usr/share/apps/kconf_update/kwallet-4.13.upd' for new updates
2015-02-01T17:25:09 Checking update-file '/usr/share/apps/kconf_update/kio_help.upd' for new updates
2015-02-01T17:25:09 Checking update-file '/usr/share/apps/kconf_update/kopete-pluginloader.upd' for new updates
2015-02-01T17:25:09 Checking update-file '/usr/share/apps/kconf_update/kopete-account-kconf_update.upd' for new updates
2015-02-01T17:25:09 Checking update-file '/usr/share/apps/kconf_update/kopete-gaim_to_pidgin_style.upd' for new updates
2015-02-01T17:25:09 Checking update-file '/usr/share/apps/kconf_update/drkonqi-rename-config-section.upd' for new updates
2015-02-01T17:25:09 Checking update-file '/usr/share/apps/kconf_update/kopete-nameTracking.upd' for new updates
2015-02-01T17:25:09 kopete-nameTracking.upd: Found new update 'kopete0.9/r1'
2015-02-01T17:25:09 kopete-nameTracking.upd: Skipping update 'kopete0.9/r1'
2015-02-01T17:25:09 Checking update-file '/usr/share/apps/kconf_update/kcookiescfg.upd' for new updates
2015-02-01T17:25:09 Checking update-file '/usr/share/apps/kconf_update/kopete-update_yahoo_server.upd' for new updates
2015-02-01T17:25:09 Checking update-file '/usr/share/apps/kconf_update/kopete-update_icq_server.upd' for new updates
2015-02-01T17:25:09 Checking update-file '/usr/share/apps/kconf_update/kopete-pluginloader2.upd' for new updates
2015-02-01T17:25:09 Checking update-file '/usr/share/apps/kconf_update/mailtransports.upd' for new updates
2015-02-01T17:25:09 Checking update-file '/usr/share/apps/kconf_update/kopete-initialstatus.upd' for new updates
2015-02-01T17:25:09 Checking update-file '/usr/share/apps/kconf_update/okular.upd' for new updates
2015-02-01T17:25:09 Checking update-file '/usr/share/apps/kconf_update/ksslcertificatemanager.upd' for new updates
2015-02-01T17:25:09 Checking update-file '/usr/share/apps/kconf_update/devicepreference.upd' for new updates
2015-02-01T17:25:09 Checking update-file '/usr/share/apps/kconf_update/kopete-jabberproxytype-kconf_update.upd' for new updates
2015-02-01T17:25:09 Checking update-file '/usr/share/apps/kconf_update/konversation.upd' for new updates
2015-02-01T17:25:09 Checking update-file '/usr/share/apps/kconf_update/kioslave.upd' for new updates
2015-02-01T17:25:09 kioslave.upd: Found new update 'kde2.2/r1'
2015-02-01T17:25:09 kioslave.upd: Skipping update 'kde2.2/r1'
2015-02-01T17:25:09 kioslave.upd: File 'kioslaverc' does not exist or empty, skipping
2015-02-01T17:25:09 Checking update-file '/usr/share/apps/kconf_update/kopete-jabberpriorityaddition-kconf_update.upd' for new updates
2015-02-01T17:25:09 Checking update-file '/usr/share/apps/kconf_update/kded.upd' for new updates
2015-02-01T17:25:09 Checking update-file '/usr/share/apps/kconf_update/kopete-update_icq_ssl.upd' for new updates
